<?xml version="1.0" encoding="UTF-8"?>
<testsuite name="ch.uzh.ifi.seal.soprafs20.controller.UserControllerTest" tests="22" skipped="0" failures="0" errors="0" timestamp="2020-05-24T11:42:43" hostname="Luis-MacBook-Pro.local" time="2.023">
  <properties/>
  <testcase name="getAllUsers_validInput()" classname="ch.uzh.ifi.seal.soprafs20.controller.UserControllerTest" time="0.821"/>
  <testcase name="createUser_validInput_userCreated()" classname="ch.uzh.ifi.seal.soprafs20.controller.UserControllerTest" time="0.243"/>
  <testcase name="checkFriend_invalidInput()" classname="ch.uzh.ifi.seal.soprafs20.controller.UserControllerTest" time="0.063"/>
  <testcase name="deleteFriend_validInput()" classname="ch.uzh.ifi.seal.soprafs20.controller.UserControllerTest" time="0.017"/>
  <testcase name="getFriendsChat_invalidInput()" classname="ch.uzh.ifi.seal.soprafs20.controller.UserControllerTest" time="0.051"/>
  <testcase name="deleteMessageFriend_invalidInput()" classname="ch.uzh.ifi.seal.soprafs20.controller.UserControllerTest" time="0.084"/>
  <testcase name="updateUser_userExists()" classname="ch.uzh.ifi.seal.soprafs20.controller.UserControllerTest" time="0.038"/>
  <testcase name="getAllFriends_validInput()" classname="ch.uzh.ifi.seal.soprafs20.controller.UserControllerTest" time="0.029"/>
  <testcase name="loginUser_validInput()" classname="ch.uzh.ifi.seal.soprafs20.controller.UserControllerTest" time="0.025"/>
  <testcase name="loginUser_invalidCredentials()" classname="ch.uzh.ifi.seal.soprafs20.controller.UserControllerTest" time="0.051"/>
  <testcase name="addFriend_validInput()" classname="ch.uzh.ifi.seal.soprafs20.controller.UserControllerTest" time="0.038"/>
  <testcase name="createUser_userAlreadyExists()" classname="ch.uzh.ifi.seal.soprafs20.controller.UserControllerTest" time="0.066"/>
  <testcase name="getUser_validInput()" classname="ch.uzh.ifi.seal.soprafs20.controller.UserControllerTest" time="0.02"/>
  <testcase name="deleteMessageFriend_validInput()" classname="ch.uzh.ifi.seal.soprafs20.controller.UserControllerTest" time="0.034"/>
  <testcase name="getUser_userDoesNotExist()" classname="ch.uzh.ifi.seal.soprafs20.controller.UserControllerTest" time="0.036"/>
  <testcase name="checkUnreadMessage_invalidInput()" classname="ch.uzh.ifi.seal.soprafs20.controller.UserControllerTest" time="0.043"/>
  <testcase name="postMessageFriend_invalidInput()" classname="ch.uzh.ifi.seal.soprafs20.controller.UserControllerTest" time="0.057"/>
  <testcase name="postMessageFriend_validInput()" classname="ch.uzh.ifi.seal.soprafs20.controller.UserControllerTest" time="0.023"/>
  <testcase name="checkUnreadMessage_validInput()" classname="ch.uzh.ifi.seal.soprafs20.controller.UserControllerTest" time="0.022"/>
  <testcase name="updateUser_userDoesNotExist()" classname="ch.uzh.ifi.seal.soprafs20.controller.UserControllerTest" time="0.03"/>
  <testcase name="checkFriend_validInput()" classname="ch.uzh.ifi.seal.soprafs20.controller.UserControllerTest" time="0.025"/>
  <testcase name="getFriendsChat_validInput()" classname="ch.uzh.ifi.seal.soprafs20.controller.UserControllerTest" time="0.017"/>
  <system-out><![CDATA[13:42:34.603 [Test worker] DEBUG org.springframework.test.context.BootstrapUtils - Instantiating CacheAwareContextLoaderDelegate from class [org.springframework.test.context.cache.DefaultCacheAwareContextLoaderDelegate]
13:42:34.658 [Test worker] DEBUG org.springframework.test.context.BootstrapUtils - Instantiating BootstrapContext using constructor [public org.springframework.test.context.support.DefaultBootstrapContext(java.lang.Class,org.springframework.test.context.CacheAwareContextLoaderDelegate)]
13:42:34.796 [Test worker] DEBUG org.springframework.test.context.BootstrapUtils - Instantiating TestContextBootstrapper for test class [ch.uzh.ifi.seal.soprafs20.controller.UserControllerTest] from class [org.springframework.boot.test.autoconfigure.web.servlet.WebMvcTestContextBootstrapper]
13:42:34.858 [Test worker] INFO org.springframework.boot.test.autoconfigure.web.servlet.WebMvcTestContextBootstrapper - Neither @ContextConfiguration nor @ContextHierarchy found for test class [ch.uzh.ifi.seal.soprafs20.controller.UserControllerTest], using SpringBootContextLoader
13:42:34.876 [Test worker] DEBUG org.springframework.test.context.support.AbstractContextLoader - Did not detect default resource location for test class [ch.uzh.ifi.seal.soprafs20.controller.UserControllerTest]: class path resource [ch/uzh/ifi/seal/soprafs20/controller/UserControllerTest-context.xml] does not exist
13:42:34.878 [Test worker] DEBUG org.springframework.test.context.support.AbstractContextLoader - Did not detect default resource location for test class [ch.uzh.ifi.seal.soprafs20.controller.UserControllerTest]: class path resource [ch/uzh/ifi/seal/soprafs20/controller/UserControllerTestContext.groovy] does not exist
13:42:34.879 [Test worker] INFO org.springframework.test.context.support.AbstractContextLoader - Could not detect default resource locations for test class [ch.uzh.ifi.seal.soprafs20.controller.UserControllerTest]: no resource found for suffixes {-context.xml, Context.groovy}.
13:42:34.898 [Test worker] INFO org.springframework.test.context.support.AnnotationConfigContextLoaderUtils - Could not detect default configuration classes for test class [ch.uzh.ifi.seal.soprafs20.controller.UserControllerTest]: UserControllerTest does not declare any static, non-private, non-final, nested classes annotated with @Configuration.
13:42:35.172 [Test worker] DEBUG org.springframework.test.context.support.ActiveProfilesUtils - Could not find an 'annotation declaring class' for annotation type [org.springframework.test.context.ActiveProfiles] and class [ch.uzh.ifi.seal.soprafs20.controller.UserControllerTest]
13:42:35.427 [Test worker] DEBUG org.springframework.context.annotation.ClassPathScanningCandidateComponentProvider - Identified candidate component class: file [/Users/luisknufinke/Documents/UZH/04 - FS20/Softwarepraktikum/Know your City/SOPRA_FS20_Group19_Server/build/classes/java/main/ch/uzh/ifi/seal/soprafs20/Application.class]
13:42:35.432 [Test worker] INFO org.springframework.boot.test.context.SpringBootTestContextBootstrapper - Found @SpringBootConfiguration ch.uzh.ifi.seal.soprafs20.Application for test class ch.uzh.ifi.seal.soprafs20.controller.UserControllerTest
13:42:35.434 [Test worker] DEBUG org.springframework.boot.test.autoconfigure.web.servlet.WebMvcTestContextBootstrapper - @TestExecutionListeners is not present for class [ch.uzh.ifi.seal.soprafs20.controller.UserControllerTest]: using defaults.
13:42:35.436 [Test worker] INFO org.springframework.boot.test.autoconfigure.web.servlet.WebMvcTestContextBootstrapper - Loaded default TestExecutionListener class names from location [META-INF/spring.factories]: [org.springframework.boot.test.autoconfigure.restdocs.RestDocsTestExecutionListener, org.springframework.boot.test.autoconfigure.web.client.MockRestServiceServerResetTestExecutionListener, org.springframework.boot.test.autoconfigure.web.servlet.MockMvcPrintOnlyOnFailureTestExecutionListener, org.springframework.boot.test.autoconfigure.web.servlet.WebDriverTestExecutionListener, org.springframework.boot.test.mock.mockito.MockitoTestExecutionListener, org.springframework.boot.test.mock.mockito.ResetMocksTestExecutionListener, org.springframework.test.context.web.ServletTestExecutionListener, org.springframework.test.context.support.DirtiesContextBeforeModesTestExecutionListener, org.springframework.test.context.support.DependencyInjectionTestExecutionListener, org.springframework.test.context.support.DirtiesContextTestExecutionListener, org.springframework.test.context.transaction.TransactionalTestExecutionListener, org.springframework.test.context.jdbc.SqlScriptsTestExecutionListener, org.springframework.test.context.event.EventPublishingTestExecutionListener]
13:42:35.528 [Test worker] INFO org.springframework.boot.test.autoconfigure.web.servlet.WebMvcTestContextBootstrapper - Using TestExecutionListeners: [org.springframework.test.context.web.ServletTestExecutionListener@4fe7c5c6, org.springframework.test.context.support.DirtiesContextBeforeModesTestExecutionListener@1d377f4d, org.springframework.boot.test.mock.mockito.MockitoTestExecutionListener@a49d752, org.springframework.boot.test.autoconfigure.SpringBootDependencyInjectionTestExecutionListener@1973f206, org.springframework.test.context.support.DirtiesContextTestExecutionListener@684bdd1b, org.springframework.test.context.transaction.TransactionalTestExecutionListener@4ea00a48, org.springframework.test.context.jdbc.SqlScriptsTestExecutionListener@a97b789, org.springframework.test.context.event.EventPublishingTestExecutionListener@c72871f, org.springframework.boot.test.autoconfigure.restdocs.RestDocsTestExecutionListener@3ae7308f, org.springframework.boot.test.autoconfigure.web.client.MockRestServiceServerResetTestExecutionListener@745b9fd1, org.springframework.boot.test.autoconfigure.web.servlet.MockMvcPrintOnlyOnFailureTestExecutionListener@4347552c, org.springframework.boot.test.autoconfigure.web.servlet.WebDriverTestExecutionListener@5b157824, org.springframework.boot.test.mock.mockito.ResetMocksTestExecutionListener@58f54881]
13:42:35.537 [Test worker] DEBUG org.springframework.test.context.support.AbstractDirtiesContextTestExecutionListener - Before test class: context [DefaultTestContext@45d3b576 testClass = UserControllerTest, testInstance = [null], testMethod = [null], testException = [null], mergedContextConfiguration = [WebMergedContextConfiguration@67a70d17 testClass = UserControllerTest, locations = '{}', classes = '{class ch.uzh.ifi.seal.soprafs20.Application}', contextInitializerClasses = '[]', activeProfiles = '{}', propertySourceLocations = '{}', propertySourceProperties = '{org.springframework.boot.test.autoconfigure.web.servlet.WebMvcTestContextBootstrapper=true}', contextCustomizers = set[org.springframework.boot.test.autoconfigure.OverrideAutoConfigurationContextCustomizerFactory$DisableAutoConfigurationContextCustomizer@4d4a3af3, org.springframework.boot.test.autoconfigure.filter.TypeExcludeFiltersContextCustomizer@3df0e5cc, org.springframework.boot.test.autoconfigure.properties.PropertyMappingContextCustomizer@4331b36e, org.springframework.boot.test.autoconfigure.web.servlet.WebDriverContextCustomizerFactory$Customizer@7cf4b4cc, [ImportsContextCustomizer@20c7d3c2 key = [org.springframework.boot.autoconfigure.cache.CacheAutoConfiguration, org.springframework.boot.autoconfigure.context.MessageSourceAutoConfiguration, org.springframework.boot.autoconfigure.data.web.SpringDataWebAutoConfiguration, org.springframework.boot.autoconfigure.freemarker.FreeMarkerAutoConfiguration, org.springframework.boot.autoconfigure.groovy.template.GroovyTemplateAutoConfiguration, org.springframework.boot.autoconfigure.gson.GsonAutoConfiguration, org.springframework.boot.autoconfigure.hateoas.HypermediaAutoConfiguration, org.springframework.boot.autoconfigure.http.HttpMessageConvertersAutoConfiguration, org.springframework.boot.autoconfigure.jackson.JacksonAutoConfiguration, org.springframework.boot.autoconfigure.jsonb.JsonbAutoConfiguration, org.springframework.boot.autoconfigure.mustache.MustacheAutoConfiguration, org.springframework.boot.autoconfigure.task.TaskExecutionAutoConfiguration, org.springframework.boot.autoconfigure.thymeleaf.ThymeleafAutoConfiguration, org.springframework.boot.autoconfigure.validation.ValidationAutoConfiguration, org.springframework.boot.autoconfigure.web.servlet.error.ErrorMvcAutoConfiguration, org.springframework.boot.autoconfigure.web.servlet.WebMvcAutoConfiguration, org.springframework.boot.test.autoconfigure.web.servlet.MockMvcAutoConfiguration, org.springframework.boot.test.autoconfigure.web.servlet.MockMvcWebClientAutoConfiguration, org.springframework.boot.test.autoconfigure.web.servlet.MockMvcWebDriverAutoConfiguration, org.springframework.boot.autoconfigure.security.servlet.SecurityAutoConfiguration, org.springframework.boot.autoconfigure.security.servlet.UserDetailsServiceAutoConfiguration, org.springframework.boot.test.autoconfigure.web.servlet.MockMvcSecurityConfiguration]], org.springframework.boot.test.context.filter.ExcludeFilterContextCustomizer@74f2f3d4, org.springframework.boot.test.json.DuplicateJsonObjectContextCustomizerFactory$DuplicateJsonObjectContextCustomizer@5da53e57, org.springframework.boot.test.mock.mockito.MockitoContextCustomizer@fd48df10], resourceBasePath = 'src/main/webapp', contextLoader = 'org.springframework.boot.test.context.SpringBootContextLoader', parent = [null]], attributes = map[[empty]]], class annotated with @DirtiesContext [false] with mode [null].
13:42:35.962 [Test worker] DEBUG org.springframework.test.context.support.TestPropertySourceUtils - Adding inlined properties to environment: {spring.jmx.enabled=false, org.springframework.boot.test.autoconfigure.web.servlet.WebMvcTestContextBootstrapper=true, server.port=-1}

  .   ____          _            __ _ _
 /\\ / ___'_ __ _ _(_)_ __  __ _ \ \ \ \
( ( )\___ | '_ | '_| | '_ \/ _` | \ \ \ \
 \\/  ___)| |_)| | | | | || (_| |  ) ) ) )
  '  |____| .__|_| |_|_| |_\__, | / / / /
 =========|_|==============|___/=/_/_/_/
 :: Spring Boot ::        (v2.2.4.RELEASE)

2020-05-24 13:42:37.075  WARN 65584 --- [    Test worker] ory$DuplicateJsonObjectContextCustomizer : 

Found multiple occurrences of org.json.JSONObject on the class path:

	jar:file:/Users/luisknufinke/.gradle/caches/modules-2/files-2.1/org.json/json/20180813/8566b2b0391d9d4479ea225645c6ed47ef17fe41/json-20180813.jar!/org/json/JSONObject.class
	jar:file:/Users/luisknufinke/.gradle/caches/modules-2/files-2.1/com.vaadin.external.google/android-json/0.0.20131108.vaadin1/fa26d351fe62a6a17f5cda1287c1c6110dec413f/android-json-0.0.20131108.vaadin1.jar!/org/json/JSONObject.class

You may wish to exclude one of them to ensure predictable runtime behavior

2020-05-24 13:42:37.126  INFO 65584 --- [    Test worker] c.u.i.s.s.controller.UserControllerTest  : Starting UserControllerTest on Luis-MacBook-Pro.local with PID 65584 (started by luisknufinke in /Users/luisknufinke/Documents/UZH/04 - FS20/Softwarepraktikum/Know your City/SOPRA_FS20_Group19_Server)
2020-05-24 13:42:37.128  INFO 65584 --- [    Test worker] c.u.i.s.s.controller.UserControllerTest  : No active profile set, falling back to default profiles: default
2020-05-24 13:42:42.771  INFO 65584 --- [    Test worker] o.s.s.concurrent.ThreadPoolTaskExecutor  : Initializing ExecutorService 'applicationTaskExecutor'
2020-05-24 13:42:43.323  INFO 65584 --- [    Test worker] o.s.b.t.m.w.SpringBootMockServletContext : Initializing Spring TestDispatcherServlet ''
2020-05-24 13:42:43.324  INFO 65584 --- [    Test worker] o.s.t.web.servlet.TestDispatcherServlet  : Initializing Servlet ''
2020-05-24 13:42:43.354  INFO 65584 --- [    Test worker] o.s.t.web.servlet.TestDispatcherServlet  : Completed initialization in 29 ms
2020-05-24 13:42:43.454  INFO 65584 --- [    Test worker] c.u.i.s.s.controller.UserControllerTest  : Started UserControllerTest in 7.452 seconds (JVM running for 12.199)
2020-05-24 13:42:44.595 ERROR 65584 --- [    Test worker] c.u.i.s.s.e.GlobalExceptionAdvice        : UserNotFoundException raised:ch.uzh.ifi.seal.soprafs20.exceptions.UserNotFoundException: This user could not be found.
2020-05-24 13:42:44.670 ERROR 65584 --- [    Test worker] c.u.i.s.s.e.GlobalExceptionAdvice        : UserNotFoundException raised:ch.uzh.ifi.seal.soprafs20.exceptions.UserNotFoundException: This user-friend pair could not be found
2020-05-24 13:42:44.739 ERROR 65584 --- [    Test worker] c.u.i.s.s.e.GlobalExceptionAdvice        : UserNotFoundException raised:ch.uzh.ifi.seal.soprafs20.exceptions.UserNotFoundException: This user-friend pair could not be found
2020-05-24 13:42:44.976 ERROR 65584 --- [    Test worker] c.u.i.s.s.e.GlobalExceptionAdvice        : InvalidCredentialsException raised:ch.uzh.ifi.seal.soprafs20.exceptions.InvalidCredentialsException: Wrong password, please try again.
2020-05-24 13:42:45.092 ERROR 65584 --- [    Test worker] c.u.i.s.s.e.GlobalExceptionAdvice        : DuplicatedUserException raised:ch.uzh.ifi.seal.soprafs20.exceptions.DuplicatedUserException: The username provided is not unique. Therefore, the user could not be created!
2020-05-24 13:42:45.201 ERROR 65584 --- [    Test worker] c.u.i.s.s.e.GlobalExceptionAdvice        : UserNotFoundException raised:ch.uzh.ifi.seal.soprafs20.exceptions.UserNotFoundException: This user could not be found.
2020-05-24 13:42:45.250 ERROR 65584 --- [    Test worker] c.u.i.s.s.e.GlobalExceptionAdvice        : UserNotFoundException raised:ch.uzh.ifi.seal.soprafs20.exceptions.UserNotFoundException: This user-friend pair could not be found
2020-05-24 13:42:45.339 ERROR 65584 --- [    Test worker] c.u.i.s.s.e.GlobalExceptionAdvice        : UserNotFoundException raised:ch.uzh.ifi.seal.soprafs20.exceptions.UserNotFoundException: This user-friend pair could not be found
2020-05-24 13:42:45.440 ERROR 65584 --- [    Test worker] c.u.i.s.s.e.GlobalExceptionAdvice        : UserNotFoundException raised:ch.uzh.ifi.seal.soprafs20.exceptions.UserNotFoundException: This user could not be found.
]]></system-out>
  <system-err><![CDATA[]]></system-err>
</testsuite>
